{"/home/travis/build/TheBrokenRail/AutoHotKey.js/index.js":{"path":"/home/travis/build/TheBrokenRail/AutoHotKey.js/index.js","s":{"1":1,"2":1,"3":1,"4":2,"5":2,"6":2,"7":18,"8":2,"9":19,"10":2,"11":1,"12":2,"13":2,"14":1,"15":1,"16":1,"17":1,"18":1,"19":1,"20":20,"21":20,"22":17,"23":20,"24":1,"25":20,"26":3,"27":17,"28":1,"29":1,"30":9,"31":5,"32":1,"33":1,"34":1,"35":3,"36":1,"37":2,"38":2,"39":2,"40":2,"41":2,"42":1,"43":3,"44":2,"45":2,"46":1,"47":3,"48":3,"49":2,"50":2,"51":2,"52":1,"53":1,"54":1,"55":1,"56":1,"57":1,"58":1,"59":1,"60":1,"61":9,"62":8,"63":8,"64":7,"65":8,"66":8,"67":2,"68":2,"69":2,"70":1,"71":8,"72":9,"73":1,"74":1,"75":3,"76":3,"77":2,"78":3,"79":3,"80":3,"81":3,"82":3,"83":1,"84":2,"85":2},"b":{"1":[3,17],"2":[20,17,17],"3":[2,1],"4":[2,1],"5":[7,1],"6":[2,1],"7":[3,2],"8":[1,2]},"f":{"1":2,"2":18,"3":19,"4":1,"5":2,"6":20,"7":20,"8":5,"9":3,"10":2,"11":3,"12":1,"13":1,"14":9,"15":8,"16":8,"17":2,"18":2,"19":2,"20":1,"21":3},"fnMap":{"1":{"name":"(anonymous_1)","line":4,"loc":{"start":{"line":4,"column":15},"end":{"line":4,"column":27}}},"2":{"name":"(anonymous_2)","line":7,"loc":{"start":{"line":7,"column":17},"end":{"line":7,"column":29}}},"3":{"name":"(anonymous_3)","line":10,"loc":{"start":{"line":10,"column":17},"end":{"line":10,"column":32}}},"4":{"name":"(anonymous_4)","line":13,"loc":{"start":{"line":13,"column":17},"end":{"line":13,"column":29}}},"5":{"name":"(anonymous_5)","line":16,"loc":{"start":{"line":16,"column":17},"end":{"line":16,"column":32}}},"6":{"name":"getPrefix","line":27,"loc":{"start":{"line":27,"column":0},"end":{"line":27,"column":21}}},"7":{"name":"write","line":35,"loc":{"start":{"line":35,"column":0},"end":{"line":35,"column":20}}},"8":{"name":"(anonymous_8)","line":45,"loc":{"start":{"line":45,"column":16},"end":{"line":45,"column":34}}},"9":{"name":"(anonymous_9)","line":52,"loc":{"start":{"line":52,"column":16},"end":{"line":52,"column":34}}},"10":{"name":"(anonymous_10)","line":57,"loc":{"start":{"line":57,"column":14},"end":{"line":57,"column":39}}},"11":{"name":"(anonymous_11)","line":65,"loc":{"start":{"line":65,"column":14},"end":{"line":65,"column":45}}},"12":{"name":"(anonymous_12)","line":77,"loc":{"start":{"line":77,"column":12},"end":{"line":77,"column":32}}},"13":{"name":"(anonymous_13)","line":90,"loc":{"start":{"line":90,"column":15},"end":{"line":90,"column":37}}},"14":{"name":"createGet","line":94,"loc":{"start":{"line":94,"column":0},"end":{"line":94,"column":28}}},"15":{"name":"(anonymous_15)","line":95,"loc":{"start":{"line":95,"column":12},"end":{"line":95,"column":27}}},"16":{"name":"(anonymous_16)","line":101,"loc":{"start":{"line":101,"column":17},"end":{"line":101,"column":24}}},"17":{"name":"(anonymous_17)","line":105,"loc":{"start":{"line":105,"column":9},"end":{"line":105,"column":19}}},"18":{"name":"(anonymous_18)","line":108,"loc":{"start":{"line":108,"column":15},"end":{"line":108,"column":25}}},"19":{"name":"(anonymous_19)","line":111,"loc":{"start":{"line":111,"column":14},"end":{"line":111,"column":17}}},"20":{"name":"(anonymous_20)","line":114,"loc":{"start":{"line":114,"column":14},"end":{"line":114,"column":17}}},"21":{"name":"(anonymous_21)","line":126,"loc":{"start":{"line":126,"column":8},"end":{"line":126,"column":35}}}},"statementMap":{"1":{"start":{"line":1,"column":0},"end":{"line":1,"column":25}},"2":{"start":{"line":2,"column":0},"end":{"line":2,"column":29}},"3":{"start":{"line":4,"column":0},"end":{"line":19,"column":2}},"4":{"start":{"line":5,"column":2},"end":{"line":5,"column":17}},"5":{"start":{"line":6,"column":2},"end":{"line":6,"column":17}},"6":{"start":{"line":7,"column":2},"end":{"line":9,"column":4}},"7":{"start":{"line":8,"column":4},"end":{"line":8,"column":21}},"8":{"start":{"line":10,"column":2},"end":{"line":12,"column":4}},"9":{"start":{"line":11,"column":4},"end":{"line":11,"column":20}},"10":{"start":{"line":13,"column":2},"end":{"line":15,"column":4}},"11":{"start":{"line":14,"column":4},"end":{"line":14,"column":21}},"12":{"start":{"line":16,"column":2},"end":{"line":18,"column":4}},"13":{"start":{"line":17,"column":4},"end":{"line":17,"column":20}},"14":{"start":{"line":21,"column":0},"end":{"line":21,"column":17}},"15":{"start":{"line":22,"column":0},"end":{"line":22,"column":20}},"16":{"start":{"line":23,"column":0},"end":{"line":23,"column":19}},"17":{"start":{"line":24,"column":0},"end":{"line":24,"column":20}},"18":{"start":{"line":25,"column":0},"end":{"line":25,"column":18}},"19":{"start":{"line":27,"column":0},"end":{"line":33,"column":1}},"20":{"start":{"line":28,"column":2},"end":{"line":28,"column":21}},"21":{"start":{"line":29,"column":2},"end":{"line":31,"column":3}},"22":{"start":{"line":30,"column":4},"end":{"line":30,"column":33}},"23":{"start":{"line":32,"column":2},"end":{"line":32,"column":31}},"24":{"start":{"line":35,"column":0},"end":{"line":41,"column":1}},"25":{"start":{"line":36,"column":2},"end":{"line":40,"column":3}},"26":{"start":{"line":37,"column":4},"end":{"line":37,"column":101}},"27":{"start":{"line":39,"column":4},"end":{"line":39,"column":64}},"28":{"start":{"line":43,"column":0},"end":{"line":43,"column":48}},"29":{"start":{"line":44,"column":0},"end":{"line":48,"column":1}},"30":{"start":{"line":45,"column":2},"end":{"line":47,"column":4}},"31":{"start":{"line":46,"column":4},"end":{"line":46,"column":73}},"32":{"start":{"line":50,"column":0},"end":{"line":50,"column":52}},"33":{"start":{"line":51,"column":0},"end":{"line":55,"column":1}},"34":{"start":{"line":52,"column":2},"end":{"line":54,"column":4}},"35":{"start":{"line":53,"column":4},"end":{"line":53,"column":75}},"36":{"start":{"line":57,"column":0},"end":{"line":63,"column":2}},"37":{"start":{"line":58,"column":2},"end":{"line":58,"column":20}},"38":{"start":{"line":59,"column":2},"end":{"line":59,"column":16}},"39":{"start":{"line":60,"column":2},"end":{"line":60,"column":13}},"40":{"start":{"line":61,"column":2},"end":{"line":61,"column":16}},"41":{"start":{"line":62,"column":2},"end":{"line":62,"column":18}},"42":{"start":{"line":65,"column":0},"end":{"line":88,"column":2}},"43":{"start":{"line":66,"column":2},"end":{"line":71,"column":3}},"44":{"start":{"line":67,"column":4},"end":{"line":67,"column":38}},"45":{"start":{"line":68,"column":4},"end":{"line":68,"column":18}},"46":{"start":{"line":70,"column":4},"end":{"line":70,"column":37}},"47":{"start":{"line":72,"column":2},"end":{"line":72,"column":13}},"48":{"start":{"line":73,"column":2},"end":{"line":87,"column":3}},"49":{"start":{"line":74,"column":4},"end":{"line":74,"column":18}},"50":{"start":{"line":75,"column":4},"end":{"line":75,"column":15}},"51":{"start":{"line":76,"column":4},"end":{"line":84,"column":6}},"52":{"start":{"line":78,"column":8},"end":{"line":78,"column":24}},"53":{"start":{"line":79,"column":8},"end":{"line":79,"column":22}},"54":{"start":{"line":80,"column":8},"end":{"line":80,"column":19}},"55":{"start":{"line":81,"column":8},"end":{"line":81,"column":22}},"56":{"start":{"line":82,"column":8},"end":{"line":82,"column":19}},"57":{"start":{"line":86,"column":4},"end":{"line":86,"column":17}},"58":{"start":{"line":90,"column":0},"end":{"line":92,"column":2}},"59":{"start":{"line":91,"column":2},"end":{"line":91,"column":30}},"60":{"start":{"line":94,"column":0},"end":{"line":121,"column":1}},"61":{"start":{"line":95,"column":2},"end":{"line":119,"column":4}},"62":{"start":{"line":96,"column":4},"end":{"line":96,"column":35}},"63":{"start":{"line":97,"column":4},"end":{"line":99,"column":5}},"64":{"start":{"line":98,"column":6},"end":{"line":98,"column":17}},"65":{"start":{"line":102,"column":8},"end":{"line":102,"column":35}},"66":{"start":{"line":103,"column":8},"end":{"line":103,"column":25}},"67":{"start":{"line":106,"column":8},"end":{"line":106,"column":50}},"68":{"start":{"line":109,"column":8},"end":{"line":109,"column":55}},"69":{"start":{"line":112,"column":8},"end":{"line":112,"column":37}},"70":{"start":{"line":115,"column":8},"end":{"line":115,"column":25}},"71":{"start":{"line":118,"column":4},"end":{"line":118,"column":26}},"72":{"start":{"line":120,"column":2},"end":{"line":120,"column":13}},"73":{"start":{"line":123,"column":0},"end":{"line":123,"column":29}},"74":{"start":{"line":125,"column":0},"end":{"line":143,"column":2}},"75":{"start":{"line":127,"column":4},"end":{"line":127,"column":18}},"76":{"start":{"line":128,"column":4},"end":{"line":130,"column":5}},"77":{"start":{"line":129,"column":6},"end":{"line":129,"column":25}},"78":{"start":{"line":131,"column":4},"end":{"line":131,"column":20}},"79":{"start":{"line":132,"column":4},"end":{"line":132,"column":19}},"80":{"start":{"line":133,"column":4},"end":{"line":133,"column":28}},"81":{"start":{"line":134,"column":4},"end":{"line":134,"column":36}},"82":{"start":{"line":135,"column":4},"end":{"line":140,"column":5}},"83":{"start":{"line":136,"column":6},"end":{"line":136,"column":80}},"84":{"start":{"line":138,"column":6},"end":{"line":138,"column":25}},"85":{"start":{"line":139,"column":6},"end":{"line":139,"column":30}}},"branchMap":{"1":{"line":36,"type":"if","locations":[{"start":{"line":36,"column":2},"end":{"line":36,"column":2}},{"start":{"line":36,"column":2},"end":{"line":36,"column":2}}]},"2":{"line":36,"type":"binary-expr","locations":[{"start":{"line":36,"column":6},"end":{"line":36,"column":13}},{"start":{"line":36,"column":18},"end":{"line":36,"column":24}},{"start":{"line":36,"column":28},"end":{"line":36,"column":55}}]},"3":{"line":66,"type":"if","locations":[{"start":{"line":66,"column":2},"end":{"line":66,"column":2}},{"start":{"line":66,"column":2},"end":{"line":66,"column":2}}]},"4":{"line":73,"type":"if","locations":[{"start":{"line":73,"column":2},"end":{"line":73,"column":2}},{"start":{"line":73,"column":2},"end":{"line":73,"column":2}}]},"5":{"line":97,"type":"if","locations":[{"start":{"line":97,"column":4},"end":{"line":97,"column":4}},{"start":{"line":97,"column":4},"end":{"line":97,"column":4}}]},"6":{"line":128,"type":"if","locations":[{"start":{"line":128,"column":4},"end":{"line":128,"column":4}},{"start":{"line":128,"column":4},"end":{"line":128,"column":4}}]},"7":{"line":128,"type":"binary-expr","locations":[{"start":{"line":128,"column":8},"end":{"line":128,"column":17}},{"start":{"line":128,"column":21},"end":{"line":128,"column":48}}]},"8":{"line":135,"type":"if","locations":[{"start":{"line":135,"column":4},"end":{"line":135,"column":4}},{"start":{"line":135,"column":4},"end":{"line":135,"column":4}}]}}}}