TN:
SF:/home/travis/build/TheBrokenRail/AutoHotKey.js/index.js
FN:4,(anonymous_1)
FN:7,(anonymous_2)
FN:10,(anonymous_3)
FN:13,(anonymous_4)
FN:16,(anonymous_5)
FN:27,getPrefix
FN:35,write
FN:45,(anonymous_8)
FN:52,(anonymous_9)
FN:57,(anonymous_10)
FN:65,(anonymous_11)
FN:77,(anonymous_12)
FN:90,(anonymous_13)
FN:94,createGet
FN:95,(anonymous_15)
FN:101,(anonymous_16)
FN:105,(anonymous_17)
FN:108,(anonymous_18)
FN:111,(anonymous_19)
FN:114,(anonymous_20)
FN:126,(anonymous_21)
FNF:21
FNH:21
FNDA:2,(anonymous_1)
FNDA:18,(anonymous_2)
FNDA:19,(anonymous_3)
FNDA:1,(anonymous_4)
FNDA:2,(anonymous_5)
FNDA:20,getPrefix
FNDA:20,write
FNDA:5,(anonymous_8)
FNDA:3,(anonymous_9)
FNDA:2,(anonymous_10)
FNDA:3,(anonymous_11)
FNDA:1,(anonymous_12)
FNDA:1,(anonymous_13)
FNDA:9,createGet
FNDA:8,(anonymous_15)
FNDA:8,(anonymous_16)
FNDA:2,(anonymous_17)
FNDA:2,(anonymous_18)
FNDA:2,(anonymous_19)
FNDA:1,(anonymous_20)
FNDA:3,(anonymous_21)
DA:1,1
DA:2,1
DA:4,1
DA:5,2
DA:6,2
DA:7,2
DA:8,18
DA:10,2
DA:11,19
DA:13,2
DA:14,1
DA:16,2
DA:17,2
DA:21,1
DA:22,1
DA:23,1
DA:24,1
DA:25,1
DA:27,1
DA:28,20
DA:29,20
DA:30,17
DA:32,20
DA:35,1
DA:36,20
DA:37,3
DA:39,17
DA:43,1
DA:44,1
DA:45,9
DA:46,5
DA:50,1
DA:51,1
DA:52,1
DA:53,3
DA:57,1
DA:58,2
DA:59,2
DA:60,2
DA:61,2
DA:62,2
DA:65,1
DA:66,3
DA:67,2
DA:68,2
DA:70,1
DA:72,3
DA:73,3
DA:74,2
DA:75,2
DA:76,2
DA:78,1
DA:79,1
DA:80,1
DA:81,1
DA:82,1
DA:86,1
DA:90,1
DA:91,1
DA:94,1
DA:95,9
DA:96,8
DA:97,8
DA:98,7
DA:102,8
DA:103,8
DA:106,2
DA:109,2
DA:112,2
DA:115,1
DA:118,8
DA:120,9
DA:123,1
DA:125,1
DA:127,3
DA:128,3
DA:129,2
DA:131,3
DA:132,3
DA:133,3
DA:134,3
DA:135,3
DA:136,1
DA:138,2
DA:139,2
LF:85
LH:85
BRDA:36,1,0,3
BRDA:36,1,1,17
BRDA:36,2,0,20
BRDA:36,2,1,17
BRDA:36,2,2,17
BRDA:66,3,0,2
BRDA:66,3,1,1
BRDA:73,4,0,2
BRDA:73,4,1,1
BRDA:97,5,0,7
BRDA:97,5,1,1
BRDA:128,6,0,2
BRDA:128,6,1,1
BRDA:128,7,0,3
BRDA:128,7,1,2
BRDA:135,8,0,1
BRDA:135,8,1,2
BRF:17
BRH:17
end_of_record
